2025-05-25 09:13:13,980:WARNING:
'cuml' is a soft dependency and not included in the pycaret installation. Please run: `pip install cuml` to install.
2025-05-25 09:13:13,980:WARNING:
'cuml' is a soft dependency and not included in the pycaret installation. Please run: `pip install cuml` to install.
2025-05-25 09:13:13,980:WARNING:
'cuml' is a soft dependency and not included in the pycaret installation. Please run: `pip install cuml` to install.
2025-05-25 09:13:13,980:WARNING:
'cuml' is a soft dependency and not included in the pycaret installation. Please run: `pip install cuml` to install.
2025-05-25 09:13:14,325:INFO:PyCaret RegressionExperiment
2025-05-25 09:13:14,325:INFO:Logging name: reg-default-name
2025-05-25 09:13:14,325:INFO:ML Usecase: MLUsecase.REGRESSION
2025-05-25 09:13:14,325:INFO:version 3.3.2
2025-05-25 09:13:14,329:INFO:Initializing setup()
2025-05-25 09:13:14,329:INFO:self.USI: 2733
2025-05-25 09:13:14,329:INFO:self._variable_keys: {'data', 'fold_shuffle_param', 'USI', 'X_test', 'n_jobs_param', 'memory', '_available_plots', 'exp_id', '_ml_usecase', 'exp_name_log', 'X', 'seed', 'idx', 'fold_generator', 'log_plots_param', 'y_test', 'y_train', 'gpu_n_jobs_param', 'fold_groups_param', 'target_param', 'X_train', 'gpu_param', 'html_param', 'logging_param', 'y', 'pipeline', 'transform_target_param'}
2025-05-25 09:13:14,329:INFO:Checking environment
2025-05-25 09:13:14,329:INFO:python_version: 3.11.0
2025-05-25 09:13:14,329:INFO:python_build: ('main', 'Oct 24 2022 18:26:48')
2025-05-25 09:13:14,331:INFO:machine: AMD64
2025-05-25 09:13:14,331:INFO:platform: Windows-10-10.0.26100-SP0
2025-05-25 09:13:14,331:INFO:Memory: svmem(total=8345964544, available=870477824, percent=89.6, used=7475486720, free=870477824)
2025-05-25 09:13:14,331:INFO:Physical Core: 2
2025-05-25 09:13:14,331:INFO:Logical Core: 4
2025-05-25 09:13:14,331:INFO:Checking libraries
2025-05-25 09:13:14,331:INFO:System:
2025-05-25 09:13:14,331:INFO:    python: 3.11.0 (main, Oct 24 2022, 18:26:48) [MSC v.1933 64 bit (AMD64)]
2025-05-25 09:13:14,331:INFO:executable: c:\Program Files\Python311\python.exe
2025-05-25 09:13:14,331:INFO:   machine: Windows-10-10.0.26100-SP0
2025-05-25 09:13:14,331:INFO:PyCaret required dependencies:
2025-05-25 09:13:14,544:INFO:                 pip: 22.3
2025-05-25 09:13:14,544:INFO:          setuptools: 65.5.0
2025-05-25 09:13:14,544:INFO:             pycaret: 3.3.2
2025-05-25 09:13:14,544:INFO:             IPython: 9.2.0
2025-05-25 09:13:14,544:INFO:          ipywidgets: 8.1.7
2025-05-25 09:13:14,544:INFO:                tqdm: 4.67.1
2025-05-25 09:13:14,544:INFO:               numpy: 1.26.4
2025-05-25 09:13:14,544:INFO:              pandas: 2.1.4
2025-05-25 09:13:14,544:INFO:              jinja2: 3.1.6
2025-05-25 09:13:14,544:INFO:               scipy: 1.11.4
2025-05-25 09:13:14,544:INFO:              joblib: 1.3.2
2025-05-25 09:13:14,544:INFO:             sklearn: 1.4.2
2025-05-25 09:13:14,544:INFO:                pyod: 2.0.5
2025-05-25 09:13:14,544:INFO:            imblearn: 0.13.0
2025-05-25 09:13:14,544:INFO:   category_encoders: 2.7.0
2025-05-25 09:13:14,544:INFO:            lightgbm: 4.6.0
2025-05-25 09:13:14,544:INFO:               numba: 0.61.2
2025-05-25 09:13:14,544:INFO:            requests: 2.32.3
2025-05-25 09:13:14,544:INFO:          matplotlib: 3.7.5
2025-05-25 09:13:14,544:INFO:          scikitplot: 0.3.7
2025-05-25 09:13:14,544:INFO:         yellowbrick: 1.5
2025-05-25 09:13:14,544:INFO:              plotly: 5.24.1
2025-05-25 09:13:14,544:INFO:    plotly-resampler: Not installed
2025-05-25 09:13:14,544:INFO:             kaleido: 0.2.1
2025-05-25 09:13:14,544:INFO:           schemdraw: 0.15
2025-05-25 09:13:14,544:INFO:         statsmodels: 0.14.4
2025-05-25 09:13:14,544:INFO:              sktime: 0.26.0
2025-05-25 09:13:14,544:INFO:               tbats: 1.1.3
2025-05-25 09:13:14,544:INFO:            pmdarima: 2.0.4
2025-05-25 09:13:14,544:INFO:              psutil: 7.0.0
2025-05-25 09:13:14,544:INFO:          markupsafe: 3.0.2
2025-05-25 09:13:14,544:INFO:             pickle5: Not installed
2025-05-25 09:13:14,544:INFO:         cloudpickle: 3.1.1
2025-05-25 09:13:14,544:INFO:         deprecation: 2.1.0
2025-05-25 09:13:14,544:INFO:              xxhash: 3.5.0
2025-05-25 09:13:14,544:INFO:           wurlitzer: Not installed
2025-05-25 09:13:14,544:INFO:PyCaret optional dependencies:
2025-05-25 09:13:14,548:INFO:                shap: Not installed
2025-05-25 09:13:14,548:INFO:           interpret: Not installed
2025-05-25 09:13:14,548:INFO:                umap: Not installed
2025-05-25 09:13:14,548:INFO:     ydata_profiling: Not installed
2025-05-25 09:13:14,548:INFO:  explainerdashboard: Not installed
2025-05-25 09:13:14,548:INFO:             autoviz: Not installed
2025-05-25 09:13:14,548:INFO:           fairlearn: Not installed
2025-05-25 09:13:14,548:INFO:          deepchecks: Not installed
2025-05-25 09:13:14,548:INFO:             xgboost: Not installed
2025-05-25 09:13:14,548:INFO:            catboost: Not installed
2025-05-25 09:13:14,548:INFO:              kmodes: Not installed
2025-05-25 09:13:14,548:INFO:             mlxtend: Not installed
2025-05-25 09:13:14,548:INFO:       statsforecast: Not installed
2025-05-25 09:13:14,548:INFO:        tune_sklearn: Not installed
2025-05-25 09:13:14,548:INFO:                 ray: Not installed
2025-05-25 09:13:14,548:INFO:            hyperopt: Not installed
2025-05-25 09:13:14,548:INFO:              optuna: Not installed
2025-05-25 09:13:14,548:INFO:               skopt: Not installed
2025-05-25 09:13:14,548:INFO:              mlflow: Not installed
2025-05-25 09:13:14,548:INFO:              gradio: Not installed
2025-05-25 09:13:14,548:INFO:             fastapi: Not installed
2025-05-25 09:13:14,548:INFO:             uvicorn: Not installed
2025-05-25 09:13:14,548:INFO:              m2cgen: Not installed
2025-05-25 09:13:14,548:INFO:           evidently: Not installed
2025-05-25 09:13:14,548:INFO:               fugue: Not installed
2025-05-25 09:13:14,548:INFO:           streamlit: Not installed
2025-05-25 09:13:14,548:INFO:             prophet: Not installed
2025-05-25 09:13:14,548:INFO:None
2025-05-25 09:13:14,548:INFO:Set up data.
2025-05-25 09:13:14,580:INFO:Set up folding strategy.
2025-05-25 09:13:14,580:INFO:Set up train/test split.
2025-05-25 09:13:14,621:INFO:Set up index.
2025-05-25 09:13:14,621:INFO:Assigning column types.
2025-05-25 09:13:14,630:INFO:Engine successfully changes for model 'lr' to 'sklearn'.
2025-05-25 09:13:14,630:INFO:Engine for model 'lasso' has not been set explicitly, hence returning None.
2025-05-25 09:13:14,637:INFO:Engine for model 'ridge' has not been set explicitly, hence returning None.
2025-05-25 09:13:14,637:INFO:Engine for model 'en' has not been set explicitly, hence returning None.
2025-05-25 09:13:14,703:INFO:Engine for model 'svm' has not been set explicitly, hence returning None.
2025-05-25 09:13:14,747:INFO:Engine for model 'knn' has not been set explicitly, hence returning None.
2025-05-25 09:13:14,747:WARNING:
'xgboost' is a soft dependency and not included in the pycaret installation. Please run: `pip install xgboost` to install.
Alternately, you can install this by running `pip install pycaret[models]`
2025-05-25 09:13:14,747:WARNING:
'catboost' is a soft dependency and not included in the pycaret installation. Please run: `pip install catboost` to install.
Alternately, you can install this by running `pip install pycaret[models]`
2025-05-25 09:13:14,747:INFO:Engine for model 'lasso' has not been set explicitly, hence returning None.
2025-05-25 09:13:14,747:INFO:Engine for model 'ridge' has not been set explicitly, hence returning None.
2025-05-25 09:13:14,747:INFO:Engine for model 'en' has not been set explicitly, hence returning None.
2025-05-25 09:13:14,814:INFO:Engine for model 'svm' has not been set explicitly, hence returning None.
2025-05-25 09:13:14,847:INFO:Engine for model 'knn' has not been set explicitly, hence returning None.
2025-05-25 09:13:14,847:WARNING:
'xgboost' is a soft dependency and not included in the pycaret installation. Please run: `pip install xgboost` to install.
Alternately, you can install this by running `pip install pycaret[models]`
2025-05-25 09:13:14,847:WARNING:
'catboost' is a soft dependency and not included in the pycaret installation. Please run: `pip install catboost` to install.
Alternately, you can install this by running `pip install pycaret[models]`
2025-05-25 09:13:14,847:INFO:Engine successfully changes for model 'lasso' to 'sklearn'.
2025-05-25 09:13:14,864:INFO:Engine for model 'ridge' has not been set explicitly, hence returning None.
2025-05-25 09:13:14,864:INFO:Engine for model 'en' has not been set explicitly, hence returning None.
2025-05-25 09:13:14,914:INFO:Engine for model 'svm' has not been set explicitly, hence returning None.
2025-05-25 09:13:14,964:INFO:Engine for model 'knn' has not been set explicitly, hence returning None.
2025-05-25 09:13:14,964:WARNING:
'xgboost' is a soft dependency and not included in the pycaret installation. Please run: `pip install xgboost` to install.
Alternately, you can install this by running `pip install pycaret[models]`
2025-05-25 09:13:14,964:WARNING:
'catboost' is a soft dependency and not included in the pycaret installation. Please run: `pip install catboost` to install.
Alternately, you can install this by running `pip install pycaret[models]`
2025-05-25 09:13:14,964:INFO:Engine for model 'ridge' has not been set explicitly, hence returning None.
2025-05-25 09:13:14,980:INFO:Engine for model 'en' has not been set explicitly, hence returning None.
2025-05-25 09:13:15,037:INFO:Engine for model 'svm' has not been set explicitly, hence returning None.
2025-05-25 09:13:15,081:INFO:Engine for model 'knn' has not been set explicitly, hence returning None.
2025-05-25 09:13:15,081:WARNING:
'xgboost' is a soft dependency and not included in the pycaret installation. Please run: `pip install xgboost` to install.
Alternately, you can install this by running `pip install pycaret[models]`
2025-05-25 09:13:15,081:WARNING:
'catboost' is a soft dependency and not included in the pycaret installation. Please run: `pip install catboost` to install.
Alternately, you can install this by running `pip install pycaret[models]`
2025-05-25 09:13:15,081:INFO:Engine successfully changes for model 'ridge' to 'sklearn'.
2025-05-25 09:13:15,097:INFO:Engine for model 'en' has not been set explicitly, hence returning None.
2025-05-25 09:13:15,150:INFO:Engine for model 'svm' has not been set explicitly, hence returning None.
2025-05-25 09:13:15,197:INFO:Engine for model 'knn' has not been set explicitly, hence returning None.
2025-05-25 09:13:15,198:WARNING:
'xgboost' is a soft dependency and not included in the pycaret installation. Please run: `pip install xgboost` to install.
Alternately, you can install this by running `pip install pycaret[models]`
2025-05-25 09:13:15,198:WARNING:
'catboost' is a soft dependency and not included in the pycaret installation. Please run: `pip install catboost` to install.
Alternately, you can install this by running `pip install pycaret[models]`
2025-05-25 09:13:15,198:INFO:Engine for model 'en' has not been set explicitly, hence returning None.
2025-05-25 09:13:15,264:INFO:Engine for model 'svm' has not been set explicitly, hence returning None.
2025-05-25 09:13:15,297:INFO:Engine for model 'knn' has not been set explicitly, hence returning None.
2025-05-25 09:13:15,297:WARNING:
'xgboost' is a soft dependency and not included in the pycaret installation. Please run: `pip install xgboost` to install.
Alternately, you can install this by running `pip install pycaret[models]`
2025-05-25 09:13:15,297:WARNING:
'catboost' is a soft dependency and not included in the pycaret installation. Please run: `pip install catboost` to install.
Alternately, you can install this by running `pip install pycaret[models]`
2025-05-25 09:13:15,297:INFO:Engine successfully changes for model 'en' to 'sklearn'.
2025-05-25 09:13:15,374:INFO:Engine for model 'svm' has not been set explicitly, hence returning None.
2025-05-25 09:13:15,414:INFO:Engine for model 'knn' has not been set explicitly, hence returning None.
2025-05-25 09:13:15,414:WARNING:
'xgboost' is a soft dependency and not included in the pycaret installation. Please run: `pip install xgboost` to install.
Alternately, you can install this by running `pip install pycaret[models]`
2025-05-25 09:13:15,414:WARNING:
'catboost' is a soft dependency and not included in the pycaret installation. Please run: `pip install catboost` to install.
Alternately, you can install this by running `pip install pycaret[models]`
2025-05-25 09:13:15,480:INFO:Engine for model 'svm' has not been set explicitly, hence returning None.
2025-05-25 09:13:15,550:INFO:Engine for model 'knn' has not been set explicitly, hence returning None.
2025-05-25 09:13:15,552:WARNING:
'xgboost' is a soft dependency and not included in the pycaret installation. Please run: `pip install xgboost` to install.
Alternately, you can install this by running `pip install pycaret[models]`
2025-05-25 09:13:15,552:WARNING:
'catboost' is a soft dependency and not included in the pycaret installation. Please run: `pip install catboost` to install.
Alternately, you can install this by running `pip install pycaret[models]`
2025-05-25 09:13:15,552:INFO:Engine successfully changes for model 'knn' to 'sklearn'.
2025-05-25 09:13:15,704:INFO:Engine for model 'svm' has not been set explicitly, hence returning None.
2025-05-25 09:13:15,764:WARNING:
'xgboost' is a soft dependency and not included in the pycaret installation. Please run: `pip install xgboost` to install.
Alternately, you can install this by running `pip install pycaret[models]`
2025-05-25 09:13:15,764:WARNING:
'catboost' is a soft dependency and not included in the pycaret installation. Please run: `pip install catboost` to install.
Alternately, you can install this by running `pip install pycaret[models]`
2025-05-25 09:13:15,833:INFO:Engine for model 'svm' has not been set explicitly, hence returning None.
2025-05-25 09:13:15,881:WARNING:
'xgboost' is a soft dependency and not included in the pycaret installation. Please run: `pip install xgboost` to install.
Alternately, you can install this by running `pip install pycaret[models]`
2025-05-25 09:13:15,881:WARNING:
'catboost' is a soft dependency and not included in the pycaret installation. Please run: `pip install catboost` to install.
Alternately, you can install this by running `pip install pycaret[models]`
2025-05-25 09:13:15,881:INFO:Engine successfully changes for model 'svm' to 'sklearn'.
2025-05-25 09:13:16,000:WARNING:
'xgboost' is a soft dependency and not included in the pycaret installation. Please run: `pip install xgboost` to install.
Alternately, you can install this by running `pip install pycaret[models]`
2025-05-25 09:13:16,002:WARNING:
'catboost' is a soft dependency and not included in the pycaret installation. Please run: `pip install catboost` to install.
Alternately, you can install this by running `pip install pycaret[models]`
2025-05-25 09:13:16,098:WARNING:
'xgboost' is a soft dependency and not included in the pycaret installation. Please run: `pip install xgboost` to install.
Alternately, you can install this by running `pip install pycaret[models]`
2025-05-25 09:13:16,098:WARNING:
'catboost' is a soft dependency and not included in the pycaret installation. Please run: `pip install catboost` to install.
Alternately, you can install this by running `pip install pycaret[models]`
2025-05-25 09:13:16,117:INFO:Preparing preprocessing pipeline...
2025-05-25 09:13:16,117:INFO:Set up simple imputation.
2025-05-25 09:13:16,119:INFO:Set up encoding of categorical features.
2025-05-25 09:13:16,119:INFO:Set up column name cleaning.
2025-05-25 09:13:16,314:INFO:Finished creating preprocessing pipeline.
2025-05-25 09:13:16,327:INFO:Pipeline: Pipeline(memory=FastMemory(location=C:\Users\91988\AppData\Local\Temp\joblib),
         steps=[('numerical_imputer',
                 TransformerWrapper(include=['cpuUsage', 'memUsage',
                                             'memRequest'],
                                    transformer=SimpleImputer())),
                ('categorical_imputer',
                 TransformerWrapper(include=['key', 'namespace', 'pod-name',
                                             'pod Instance', 'node',
                                             'container', 'host_ip', 'pod_ip',
                                             'uid'],
                                    transformer...
                                    transformer=OneHotEncoder(cols=['namespace',
                                                                    'pod-name',
                                                                    'node',
                                                                    'container',
                                                                    'host_ip'],
                                                              handle_missing='return_nan',
                                                              use_cat_names=True))),
                ('rest_encoding',
                 TransformerWrapper(include=['key', 'pod Instance', 'pod_ip',
                                             'uid'],
                                    transformer=TargetEncoder(cols=['key',
                                                                    'pod '
                                                                    'Instance',
                                                                    'pod_ip',
                                                                    'uid'],
                                                              handle_missing='return_nan'))),
                ('clean_column_names',
                 TransformerWrapper(transformer=CleanColumnNames()))])
2025-05-25 09:13:16,327:INFO:Creating final display dataframe.
2025-05-25 09:13:16,714:INFO:Setup _display_container:                     Description             Value
0                    Session id               123
1                        Target        cpuRequest
2                   Target type        Regression
3           Original data shape         (358, 13)
4        Transformed data shape         (358, 36)
5   Transformed train set shape         (250, 36)
6    Transformed test set shape         (108, 36)
7              Numeric features                 3
8          Categorical features                 9
9      Rows with missing values             97.2%
10                   Preprocess              True
11              Imputation type            simple
12           Numeric imputation              mean
13       Categorical imputation              mode
14     Maximum one-hot encoding                25
15              Encoding method              None
16               Fold Generator             KFold
17                  Fold Number                10
18                     CPU Jobs                -1
19                      Use GPU             False
20               Log Experiment             False
21              Experiment Name  reg-default-name
22                          USI              2733
2025-05-25 09:13:16,863:WARNING:
'xgboost' is a soft dependency and not included in the pycaret installation. Please run: `pip install xgboost` to install.
Alternately, you can install this by running `pip install pycaret[models]`
2025-05-25 09:13:16,863:WARNING:
'catboost' is a soft dependency and not included in the pycaret installation. Please run: `pip install catboost` to install.
Alternately, you can install this by running `pip install pycaret[models]`
2025-05-25 09:13:16,981:WARNING:
'xgboost' is a soft dependency and not included in the pycaret installation. Please run: `pip install xgboost` to install.
Alternately, you can install this by running `pip install pycaret[models]`
2025-05-25 09:13:16,981:WARNING:
'catboost' is a soft dependency and not included in the pycaret installation. Please run: `pip install catboost` to install.
Alternately, you can install this by running `pip install pycaret[models]`
2025-05-25 09:13:16,981:INFO:setup() successfully completed in 2.66s...............
